<?xml version="1.0" encoding="UTF-8"?>
<!-- Generated by org.testng.reporters.JUnitXMLReporter -->
<testsuite ignored="0" hostname="dolap211" failures="0" tests="8" name="Test" time="109.751" errors="0" timestamp="2021-04-11T14:39:16 IST">
  <testcase classname="techskills.qa.hrs.tests.LoginPageTest" name="verifyLoginPageTitleTest" time="0.237"/>
  <testcase classname="techskills.qa.hrs.tests.LoginPageTest" name="verifyforgotpwdlinkTest" time="0.412"/>
  <testcase classname="techskills.qa.hrs.tests.LoginPageTest" name="verifyRecoverysollinkTest" time="0.05"/>
  <testcase classname="techskills.qa.hrs.tests.LoginPageTest" name="verifyShowhidelinkTest" time="0.056"/>
  <testcase classname="techskills.qa.hrs.tests.LoginPageTest" name="verifySigninbuttonTest" time="0.051"/>
  <testcase classname="techskills.qa.hrs.tests.LoginPageTest" name="verifyHrLogoTest" time="0.059"/>
  <testcase classname="techskills.qa.hrs.tests.LoginPageTest" name="verifyForgotPasswordTest" time="3.413"/>
  <testcase classname="techskills.qa.hrs.tests.LoginPageTest" name="verifyRecoveryLinkTest" time="13.702"/>
</testsuite> <!-- Test -->
