<?xml version="1.0" encoding="UTF-8"?>
<testng-results ignored="0" total="8" passed="8" failed="0" skipped="0">
  <reporter-output>
  </reporter-output>
  <suite started-at="2021-04-11T14:37:26 IST" name="Suite" finished-at="2021-04-11T14:39:15 IST" duration-ms="109751">
    <groups>
    </groups>
    <test started-at="2021-04-11T14:37:26 IST" name="Test" finished-at="2021-04-11T14:39:15 IST" duration-ms="109751">
      <class name="techskills.qa.hrs.tests.LoginPageTest">
        <test-method is-config="true" signature="setUp()[pri:0, instance:techskills.qa.hrs.tests.LoginPageTest@62230c58]" started-at="2021-04-11T14:37:26 IST" name="setUp" finished-at="2021-04-11T14:37:39 IST" duration-ms="13051" status="PASS">
          <reporter-output>
          </reporter-output>
        </test-method> <!-- setUp -->
        <test-method signature="verifyLoginPageTitleTest()[pri:1, instance:techskills.qa.hrs.tests.LoginPageTest@62230c58]" started-at="2021-04-11T14:37:39 IST" name="verifyLoginPageTitleTest" finished-at="2021-04-11T14:37:39 IST" duration-ms="237" status="PASS">
          <reporter-output>
          </reporter-output>
        </test-method> <!-- verifyLoginPageTitleTest -->
        <test-method is-config="true" signature="tearDown()[pri:0, instance:techskills.qa.hrs.tests.LoginPageTest@62230c58]" started-at="2021-04-11T14:37:39 IST" name="tearDown" finished-at="2021-04-11T14:37:41 IST" duration-ms="1505" status="PASS">
          <reporter-output>
          </reporter-output>
        </test-method> <!-- tearDown -->
        <test-method is-config="true" signature="setUp()[pri:0, instance:techskills.qa.hrs.tests.LoginPageTest@62230c58]" started-at="2021-04-11T14:37:41 IST" name="setUp" finished-at="2021-04-11T14:37:51 IST" duration-ms="10372" status="PASS">
          <reporter-output>
          </reporter-output>
        </test-method> <!-- setUp -->
        <test-method signature="verifyforgotpwdlinkTest()[pri:2, instance:techskills.qa.hrs.tests.LoginPageTest@62230c58]" started-at="2021-04-11T14:37:51 IST" name="verifyforgotpwdlinkTest" finished-at="2021-04-11T14:37:51 IST" duration-ms="412" status="PASS">
          <reporter-output>
          </reporter-output>
        </test-method> <!-- verifyforgotpwdlinkTest -->
        <test-method is-config="true" signature="tearDown()[pri:0, instance:techskills.qa.hrs.tests.LoginPageTest@62230c58]" started-at="2021-04-11T14:37:51 IST" name="tearDown" finished-at="2021-04-11T14:37:52 IST" duration-ms="884" status="PASS">
          <reporter-output>
          </reporter-output>
        </test-method> <!-- tearDown -->
        <test-method is-config="true" signature="setUp()[pri:0, instance:techskills.qa.hrs.tests.LoginPageTest@62230c58]" started-at="2021-04-11T14:37:52 IST" name="setUp" finished-at="2021-04-11T14:38:01 IST" duration-ms="8542" status="PASS">
          <reporter-output>
          </reporter-output>
        </test-method> <!-- setUp -->
        <test-method signature="verifyRecoverysollinkTest()[pri:3, instance:techskills.qa.hrs.tests.LoginPageTest@62230c58]" started-at="2021-04-11T14:38:01 IST" name="verifyRecoverysollinkTest" finished-at="2021-04-11T14:38:01 IST" duration-ms="50" status="PASS">
          <reporter-output>
          </reporter-output>
        </test-method> <!-- verifyRecoverysollinkTest -->
        <test-method is-config="true" signature="tearDown()[pri:0, instance:techskills.qa.hrs.tests.LoginPageTest@62230c58]" started-at="2021-04-11T14:38:01 IST" name="tearDown" finished-at="2021-04-11T14:38:02 IST" duration-ms="1522" status="PASS">
          <reporter-output>
          </reporter-output>
        </test-method> <!-- tearDown -->
        <test-method is-config="true" signature="setUp()[pri:0, instance:techskills.qa.hrs.tests.LoginPageTest@62230c58]" started-at="2021-04-11T14:38:02 IST" name="setUp" finished-at="2021-04-11T14:38:12 IST" duration-ms="10105" status="PASS">
          <reporter-output>
          </reporter-output>
        </test-method> <!-- setUp -->
        <test-method signature="verifyShowhidelinkTest()[pri:4, instance:techskills.qa.hrs.tests.LoginPageTest@62230c58]" started-at="2021-04-11T14:38:12 IST" name="verifyShowhidelinkTest" finished-at="2021-04-11T14:38:13 IST" duration-ms="56" status="PASS">
          <reporter-output>
          </reporter-output>
        </test-method> <!-- verifyShowhidelinkTest -->
        <test-method is-config="true" signature="tearDown()[pri:0, instance:techskills.qa.hrs.tests.LoginPageTest@62230c58]" started-at="2021-04-11T14:38:13 IST" name="tearDown" finished-at="2021-04-11T14:38:14 IST" duration-ms="1559" status="PASS">
          <reporter-output>
          </reporter-output>
        </test-method> <!-- tearDown -->
        <test-method is-config="true" signature="setUp()[pri:0, instance:techskills.qa.hrs.tests.LoginPageTest@62230c58]" started-at="2021-04-11T14:38:14 IST" name="setUp" finished-at="2021-04-11T14:38:23 IST" duration-ms="8658" status="PASS">
          <reporter-output>
          </reporter-output>
        </test-method> <!-- setUp -->
        <test-method signature="verifySigninbuttonTest()[pri:5, instance:techskills.qa.hrs.tests.LoginPageTest@62230c58]" started-at="2021-04-11T14:38:23 IST" name="verifySigninbuttonTest" finished-at="2021-04-11T14:38:23 IST" duration-ms="51" status="PASS">
          <reporter-output>
          </reporter-output>
        </test-method> <!-- verifySigninbuttonTest -->
        <test-method is-config="true" signature="tearDown()[pri:0, instance:techskills.qa.hrs.tests.LoginPageTest@62230c58]" started-at="2021-04-11T14:38:23 IST" name="tearDown" finished-at="2021-04-11T14:38:24 IST" duration-ms="1288" status="PASS">
          <reporter-output>
          </reporter-output>
        </test-method> <!-- tearDown -->
        <test-method is-config="true" signature="setUp()[pri:0, instance:techskills.qa.hrs.tests.LoginPageTest@62230c58]" started-at="2021-04-11T14:38:24 IST" name="setUp" finished-at="2021-04-11T14:38:32 IST" duration-ms="7898" status="PASS">
          <reporter-output>
          </reporter-output>
        </test-method> <!-- setUp -->
        <test-method signature="verifyHrLogoTest()[pri:6, instance:techskills.qa.hrs.tests.LoginPageTest@62230c58]" started-at="2021-04-11T14:38:32 IST" name="verifyHrLogoTest" finished-at="2021-04-11T14:38:32 IST" duration-ms="59" status="PASS">
          <reporter-output>
          </reporter-output>
        </test-method> <!-- verifyHrLogoTest -->
        <test-method is-config="true" signature="tearDown()[pri:0, instance:techskills.qa.hrs.tests.LoginPageTest@62230c58]" started-at="2021-04-11T14:38:32 IST" name="tearDown" finished-at="2021-04-11T14:38:34 IST" duration-ms="1692" status="PASS">
          <reporter-output>
          </reporter-output>
        </test-method> <!-- tearDown -->
        <test-method is-config="true" signature="setUp()[pri:0, instance:techskills.qa.hrs.tests.LoginPageTest@62230c58]" started-at="2021-04-11T14:38:34 IST" name="setUp" finished-at="2021-04-11T14:38:43 IST" duration-ms="8974" status="PASS">
          <reporter-output>
          </reporter-output>
        </test-method> <!-- setUp -->
        <test-method signature="verifyForgotPasswordTest()[pri:7, instance:techskills.qa.hrs.tests.LoginPageTest@62230c58]" started-at="2021-04-11T14:38:43 IST" name="verifyForgotPasswordTest" finished-at="2021-04-11T14:38:46 IST" duration-ms="3413" status="PASS">
          <reporter-output>
          </reporter-output>
        </test-method> <!-- verifyForgotPasswordTest -->
        <test-method is-config="true" signature="tearDown()[pri:0, instance:techskills.qa.hrs.tests.LoginPageTest@62230c58]" started-at="2021-04-11T14:38:46 IST" name="tearDown" finished-at="2021-04-11T14:38:47 IST" duration-ms="1235" status="PASS">
          <reporter-output>
          </reporter-output>
        </test-method> <!-- tearDown -->
        <test-method is-config="true" signature="setUp()[pri:0, instance:techskills.qa.hrs.tests.LoginPageTest@62230c58]" started-at="2021-04-11T14:38:47 IST" name="setUp" finished-at="2021-04-11T14:39:01 IST" duration-ms="13473" status="PASS">
          <reporter-output>
          </reporter-output>
        </test-method> <!-- setUp -->
        <test-method signature="verifyRecoveryLinkTest()[pri:8, instance:techskills.qa.hrs.tests.LoginPageTest@62230c58]" started-at="2021-04-11T14:39:01 IST" name="verifyRecoveryLinkTest" finished-at="2021-04-11T14:39:15 IST" duration-ms="13702" status="PASS">
          <reporter-output>
          </reporter-output>
        </test-method> <!-- verifyRecoveryLinkTest -->
        <test-method is-config="true" signature="tearDown()[pri:0, instance:techskills.qa.hrs.tests.LoginPageTest@62230c58]" started-at="2021-04-11T14:39:15 IST" name="tearDown" finished-at="2021-04-11T14:39:15 IST" duration-ms="957" status="PASS">
          <reporter-output>
          </reporter-output>
        </test-method> <!-- tearDown -->
      </class> <!-- techskills.qa.hrs.tests.LoginPageTest -->
    </test> <!-- Test -->
  </suite> <!-- Suite -->
</testng-results>
